<component name="libraryTable">
  <library name="junit">
    <CLASSES>
      <root url="jar://$PROJECT_DIR$/ProjectFortress/third_party/junit/junit_src.jar!/" />
      <root url="jar://$PROJECT_DIR$/ProjectFortress/third_party/junit/junit.jar!/" />
    </CLASSES>
    <JAVADOC />
    <SOURCES />
  </library>
</component>
